2026-01-31 07:31:01 | INFO | Experiment: quantization_ptq_resnet18_20260131_073101
2026-01-31 07:31:01 | INFO | Arguments: {'model': 'resnet18', 'attention': 'none', 'pretrained_path': 'weights/baseline.pth', 'dataset': 'cifar10', 'quant_type': 'ptq', 'backend': 'fbgemm', 'num_calibration_samples': 1000, 'num_calibration_batches': 100, 'qat_epochs': 10, 'learning_rate': 0.0001, 'sensitive_layers': None, 'analyze_error': False, 'compare_methods': False, 'include_qat': False, 'save_dir': 'weights/quantization_experiments'}
2026-01-31 07:31:05 | INFO | 
==================================================
2026-01-31 07:31:05 | INFO | Loading Model
2026-01-31 07:31:05 | INFO | ==================================================
2026-01-31 07:31:06 | INFO | Loading weights from weights/baseline.pth
2026-01-31 07:31:59 | INFO | 
FP32 Model:
2026-01-31 07:31:59 | INFO |   Accuracy: 9.42%
2026-01-31 07:31:59 | INFO |   Parameters: 11.17M
2026-01-31 07:31:59 | INFO |   Size: 42.72MB
2026-01-31 07:31:59 | INFO | 
==================================================
2026-01-31 07:31:59 | INFO | Applying PTQ Quantization
2026-01-31 07:31:59 | INFO | ==================================================
2026-01-31 07:33:48 | INFO | 
==================================================
2026-01-31 07:33:48 | INFO | Quantized Model Evaluation
2026-01-31 07:33:48 | INFO | ==================================================
